<?xml version="1.0" encoding="UTF-8"?>
<!-- Generated by org.testng.reporters.JUnitXMLReporter -->
<testsuite hostname="hp-ПК" name="Default test" tests="3" failures="0" timestamp="29 Apr 2015 20:58:10 GMT" time="56.222" errors="0">
  <testcase name="testAddFilmCorrectThrowSearch" time="10.193" classname="ru.st.selenium.TestAddAndDeleteFilm"/>
  <testcase name="testAddFilmNoCorrectData" time="6.181" classname="ru.st.selenium.TestAddAndDeleteFilm"/>
  <testcase name="testDeleteFilm" time="4.446" classname="ru.st.selenium.TestAddAndDeleteFilm"/>
</testsuite> <!-- Default test -->
